<?xml version="1.0" encoding="UTF-8"?>
<testng-results skipped="0" failed="0" ignored="0" total="1" passed="1">
  <reporter-output>
  </reporter-output>
  <suite name="Default suite" duration-ms="54762" started-at="2018-04-28T09:33:02Z" finished-at="2018-04-28T09:33:57Z">
    <groups>
      <group name="cucumber">
        <method signature="AbstractTestNGCucumberTests.feature(cucumber.api.testng.CucumberFeatureWrapper)[pri:0, instance:com.cucumber.framework.runner.EcommerceRunner@6f7fd0e6]" name="feature" class="cucumber.api.testng.AbstractTestNGCucumberTests"/>
      </group> <!-- cucumber -->
    </groups>
    <test name="Default test" duration-ms="54762" started-at="2018-04-28T09:33:02Z" finished-at="2018-04-28T09:33:57Z">
      <class name="com.cucumber.framework.runner.EcommerceRunner">
        <test-method status="PASS" signature="setUpClass()[pri:0, instance:com.cucumber.framework.runner.EcommerceRunner@6f7fd0e6]" name="setUpClass" is-config="true" duration-ms="664" started-at="2018-04-28T15:03:02Z" finished-at="2018-04-28T15:03:03Z">
          <reporter-output>
          </reporter-output>
        </test-method> <!-- setUpClass -->
        <test-method status="PASS" signature="feature(cucumber.api.testng.CucumberFeatureWrapper)[pri:0, instance:com.cucumber.framework.runner.EcommerceRunner@6f7fd0e6]" name="feature" duration-ms="53798" started-at="2018-04-28T15:03:03Z" description="Runs Cucumber Feature" data-provider="features" finished-at="2018-04-28T15:03:57Z">
          <params>
            <param index="0">
              <value>
                <![CDATA[Test smoke scenarios of application]]>
              </value>
            </param>
          </params>
          <reporter-output>
          </reporter-output>
        </test-method> <!-- feature -->
        <test-method status="PASS" signature="tearDownClass()[pri:0, instance:com.cucumber.framework.runner.EcommerceRunner@6f7fd0e6]" name="tearDownClass" is-config="true" duration-ms="21" started-at="2018-04-28T15:03:57Z" finished-at="2018-04-28T15:03:57Z">
          <reporter-output>
          </reporter-output>
        </test-method> <!-- tearDownClass -->
      </class> <!-- com.cucumber.framework.runner.EcommerceRunner -->
    </test> <!-- Default test -->
  </suite> <!-- Default suite -->
</testng-results>
